Using pre-set license
Built from '2020.3/staging' branch; Version is '2020.3.28f1 (f5400f52e03f) revision 16072719'; Using compiler version '192528614'; Build Type 'Release'
OS: 'Windows 10  (10.0.19042) 64bit Core' Language: 'en' Physical Memory: 16194 MB
BatchMode: 1, IsHumanControllingUs: 0, StartBugReporterOnCrash: 0, Is64bit: 1, IsPro: 0

COMMAND LINE ARGUMENTS:
D:\Unity\2020.3.28f1\Editor\Unity.exe
-adb2
-batchMode
-noUpm
-name
AssetImportWorker0
-projectPath
C:/Users/Zubair/Documents/GitHub
-logFile
Logs/AssetImportWorker0.log
-srvPort
58181
Successfully changed project path to: C:/Users/Zubair/Documents/GitHub
C:/Users/Zubair/Documents/GitHub
Using Asset Import Pipeline V2.
Refreshing native plugins compatible for Editor in 46.22 ms, found 2 plugins.
Preloading 0 native plugins for Editor in 0.00 ms.
Initialize engine version: 2020.3.28f1 (f5400f52e03f)
[Subsystems] Discovering subsystems at path D:/Unity/2020.3.28f1/Editor/Data/Resources/UnitySubsystems
[Subsystems] Discovering subsystems at path C:/Users/Zubair/Documents/GitHub/Assets
GfxDevice: creating device client; threaded=0
Direct3D:
    Version:  Direct3D 11.0 [level 11.1]
    Renderer: NVIDIA GeForce GTX 1660 Ti with Max-Q Design (ID=0x2191)
    Vendor:   
    VRAM:     5991 MB
    Driver:   30.0.15.1169
Initialize mono
Mono path[0] = 'D:/Unity/2020.3.28f1/Editor/Data/Managed'
Mono path[1] = 'D:/Unity/2020.3.28f1/Editor/Data/MonoBleedingEdge/lib/mono/unityjit'
Mono config path = 'D:/Unity/2020.3.28f1/Editor/Data/MonoBleedingEdge/etc'
Using monoOptions --debugger-agent=transport=dt_socket,embedding=1,server=y,suspend=n,address=127.0.0.1:56920
Begin MonoManager ReloadAssembly
Registering precompiled unity dll's ...
Register platform support module: D:/Unity/2020.3.28f1/Editor/Data/PlaybackEngines/WindowsStandaloneSupport/UnityEditor.WindowsStandalone.Extensions.dll
Registered in 0.001290 seconds.
Native extension for WindowsStandalone target not found
Refreshing native plugins compatible for Editor in 74.15 ms, found 2 plugins.
Preloading 0 native plugins for Editor in 0.00 ms.
Mono: successfully reloaded assembly
- Completed reload, in  0.625 seconds
Domain Reload Profiling:
	ReloadAssembly (625ms)
		BeginReloadAssembly (83ms)
			ExecutionOrderSort (0ms)
			DisableScriptedObjects (0ms)
			BackupInstance (0ms)
			ReleaseScriptingObjects (0ms)
			CreateAndSetChildDomain (1ms)
		EndReloadAssembly (478ms)
			LoadAssemblies (83ms)
			RebuildTransferFunctionScriptingTraits (0ms)
			SetupTypeCache (142ms)
			ReleaseScriptCaches (0ms)
			RebuildScriptCaches (33ms)
			SetupLoadedEditorAssemblies (204ms)
				LogAssemblyErrors (0ms)
				InitializePlatformSupportModulesInManaged (4ms)
				SetLoadedEditorAssemblies (0ms)
				RefreshPlugins (74ms)
				BeforeProcessingInitializeOnLoad (17ms)
				ProcessInitializeOnLoadAttributes (80ms)
				ProcessInitializeOnLoadMethodAttributes (28ms)
				AfterProcessingInitializeOnLoad (0ms)
				EditorAssembliesLoaded (0ms)
			ExecutionOrderSort2 (0ms)
			AwakeInstancesAfterBackupRestoration (0ms)
Platform modules already initialized, skipping
Registering precompiled user dll's ...
Registered in 0.006152 seconds.
Begin MonoManager ReloadAssembly
Native extension for WindowsStandalone target not found
Refreshing native plugins compatible for Editor in 43.21 ms, found 2 plugins.
Preloading 0 native plugins for Editor in 0.00 ms.
Mono: successfully reloaded assembly
- Completed reload, in  1.564 seconds
Domain Reload Profiling:
	ReloadAssembly (1564ms)
		BeginReloadAssembly (165ms)
			ExecutionOrderSort (0ms)
			DisableScriptedObjects (5ms)
			BackupInstance (0ms)
			ReleaseScriptingObjects (0ms)
			CreateAndSetChildDomain (17ms)
		EndReloadAssembly (1344ms)
			LoadAssemblies (118ms)
			RebuildTransferFunctionScriptingTraits (0ms)
			SetupTypeCache (287ms)
			ReleaseScriptCaches (0ms)
			RebuildScriptCaches (62ms)
			SetupLoadedEditorAssemblies (784ms)
				LogAssemblyErrors (0ms)
				InitializePlatformSupportModulesInManaged (4ms)
				SetLoadedEditorAssemblies (0ms)
				RefreshPlugins (43ms)
				BeforeProcessingInitializeOnLoad (84ms)
				ProcessInitializeOnLoadAttributes (641ms)
				ProcessInitializeOnLoadMethodAttributes (10ms)
				AfterProcessingInitializeOnLoad (2ms)
				EditorAssembliesLoaded (0ms)
			ExecutionOrderSort2 (0ms)
			AwakeInstancesAfterBackupRestoration (6ms)
Platform modules already initialized, skipping
========================================================================
Worker process is ready to serve import requests
Launched and connected shader compiler UnityShaderCompiler.exe after 0.04 seconds
Refreshing native plugins compatible for Editor in 0.46 ms, found 2 plugins.
Preloading 0 native plugins for Editor in 0.00 ms.
Unloading 2374 Unused Serialized files (Serialized files now loaded: 0)
System memory in use before: 179.5 MB.
System memory in use after: 179.5 MB.

Unloading 32 unused Assets to reduce memory usage. Loaded Objects now: 2836.
Total: 2.806000 ms (FindLiveObjects: 0.188100 ms CreateObjectMapping: 0.126300 ms MarkObjects: 2.324000 ms  DeleteObjects: 0.167000 ms)

AssetImportParameters requested are different than current active one (requested -> active):
  custom:framework-win-MediaFoundation: 216162199b28c13a410421893ffa2e32 -> 
  custom:video-decoder-ogg-theora: a1e56fd34408186e4bbccfd4996cb3dc -> 
  custom:container-muxer-webm: aa71ff27fc2769a1b78a27578f13a17b -> 
  custom:container-demuxer-webm: 4f35f7cbe854078d1ac9338744f61a02 -> 
  custom:container-demuxer-ogg: 62fdf1f143b41e24485cea50d1cbac27 -> 
  custom:video-encoder-webm-vp8: eb34c28f22e8b96e1ab97ce403110664 -> 
  custom:video-codec-MediaFoundation-h265: 746d11721c4dcdbdad8f713fa42b33f4 -> 
  custom:video-decoder-webm-vp8: 9c59270c3fd7afecdb556c50c9e8de78 -> 
  custom:audio-decoder-ogg-vorbis: bf7c407c2cedff20999df2af8eb42d56 -> 
  custom:audio-encoder-webm-vorbis: bf7c407c2cedff20999df2af8eb42d56 -> 
========================================================================
Received Import Request.
  path: Assets/New Terrain.asset
  artifactKey: Guid(7aef1e8cd24a38847934b29892c5e7c6) Importer(815301076,1909f56bfc062723c751e8b465ee728b)
Start importing Assets/New Terrain.asset using Guid(7aef1e8cd24a38847934b29892c5e7c6) Importer(815301076,1909f56bfc062723c751e8b465ee728b) The tree Tree_02 couldn't be instanced because one of the materials is missing.
The tree Bush_01 couldn't be instanced because one of the materials is missing.
The tree Tree_01 couldn't be instanced because one of the materials is missing.
The tree Poplar_Tree must use the Nature/Soft Occlusion shader. Otherwise billboarding/lighting will not work correctly.
 -> (artifact id: '4b4adc0dfa00fa89c9df72e2ec3fa427') in 0.072110 seconds 
  Import took 0.076092 seconds .

========================================================================
Received Import Request.
  Time since last request: 16.040205 seconds.
  path: Assets/Scenes/Prototype Scenes/Zuhaib's scene.unity
  artifactKey: Guid(1c6c4578e5ff00c4ebc6c467451c9d92) Importer(815301076,1909f56bfc062723c751e8b465ee728b)
Start importing Assets/Scenes/Prototype Scenes/Zuhaib's scene.unity using Guid(1c6c4578e5ff00c4ebc6c467451c9d92) Importer(815301076,1909f56bfc062723c751e8b465ee728b)  -> (artifact id: 'd1c3c14f2f926c5984ad60f5101cee74') in 0.002812 seconds 
  Import took 0.008413 seconds .

========================================================================
Received Import Request.
  Time since last request: 79.292569 seconds.
  path: Assets/_Script
  artifactKey: Guid(9c7f9fed658f4e14a97f1eb756a8fd4f) Importer(815301076,1909f56bfc062723c751e8b465ee728b)
Start importing Assets/_Script using Guid(9c7f9fed658f4e14a97f1eb756a8fd4f) Importer(815301076,1909f56bfc062723c751e8b465ee728b)  -> (artifact id: '3df6524bbb62d2891eeaac7969ab2d1e') in 0.002808 seconds 
  Import took 0.006361 seconds .

========================================================================
Received Import Request.
  Time since last request: 3.378801 seconds.
  path: Assets/Materials
  artifactKey: Guid(6542f58491b161e44ba9e2a163f64145) Importer(815301076,1909f56bfc062723c751e8b465ee728b)
Start importing Assets/Materials using Guid(6542f58491b161e44ba9e2a163f64145) Importer(815301076,1909f56bfc062723c751e8b465ee728b)  -> (artifact id: '0aaace4896e6118f4afaf6d37b754de2') in 0.003152 seconds 
  Import took 0.007642 seconds .

========================================================================
Received Import Request.
  Time since last request: 1.816068 seconds.
  path: Assets/Materials/Ground
  artifactKey: Guid(23805fdc50ead8945a803699f62ca068) Importer(815301076,1909f56bfc062723c751e8b465ee728b)
Start importing Assets/Materials/Ground using Guid(23805fdc50ead8945a803699f62ca068) Importer(815301076,1909f56bfc062723c751e8b465ee728b)  -> (artifact id: '68743b1a8c7b55db5dd749ee18d3e409') in 0.002764 seconds 
  Import took 0.007670 seconds .

========================================================================
Received Import Request.
  Time since last request: 0.043442 seconds.
  path: Assets/Materials/Ground/Dirt.terrainlayer
  artifactKey: Guid(9e080a2e4275ba740be03bc41c948bad) Importer(815301076,1909f56bfc062723c751e8b465ee728b)
Start importing Assets/Materials/Ground/Dirt.terrainlayer using Guid(9e080a2e4275ba740be03bc41c948bad) Importer(815301076,1909f56bfc062723c751e8b465ee728b)  -> (artifact id: '1b9a69ef141b7daf8a24000a215b5ed0') in 0.309060 seconds 
  Import took 0.313093 seconds .

========================================================================
Received Import Request.
  Time since last request: 1.547914 seconds.
  path: Assets/Materials/Grass
  artifactKey: Guid(461e38032f6db4a49a0778c67c734512) Importer(815301076,1909f56bfc062723c751e8b465ee728b)
Start importing Assets/Materials/Grass using Guid(461e38032f6db4a49a0778c67c734512) Importer(815301076,1909f56bfc062723c751e8b465ee728b)  -> (artifact id: 'b6ee66a292cbc6aeb817b7f3c49f84f1') in 0.002935 seconds 
  Import took 0.006739 seconds .

========================================================================
Received Import Request.
  Time since last request: 0.061378 seconds.
  path: Assets/Materials/Grass/Grass 1.terrainlayer
  artifactKey: Guid(f4bab666560fb4a46973982a72949e11) Importer(815301076,1909f56bfc062723c751e8b465ee728b)
Start importing Assets/Materials/Grass/Grass 1.terrainlayer using Guid(f4bab666560fb4a46973982a72949e11) Importer(815301076,1909f56bfc062723c751e8b465ee728b)  -> (artifact id: '736fecc53f77564e3572804f9fca8855') in 0.023853 seconds 
  Import took 0.028362 seconds .

========================================================================
Received Import Request.
  Time since last request: 0.000163 seconds.
  path: Assets/Materials/Grass/Grass.mat
  artifactKey: Guid(6836ceb5da939e042a51faacdf09d4b2) Importer(815301076,1909f56bfc062723c751e8b465ee728b)
Start importing Assets/Materials/Grass/Grass.mat using Guid(6836ceb5da939e042a51faacdf09d4b2) Importer(815301076,1909f56bfc062723c751e8b465ee728b)  -> (artifact id: 'b2e82336960c22f0bdf1ac80ceaf1fa7') in 0.044782 seconds 
  Import took 0.048229 seconds .

========================================================================
Received Import Request.
  Time since last request: 0.000164 seconds.
  path: Assets/Materials/Grass/grass_ao.bmp
  artifactKey: Guid(c52deff30b7805942b7659196224d3d9) Importer(815301076,1909f56bfc062723c751e8b465ee728b)
Start importing Assets/Materials/Grass/grass_ao.bmp using Guid(c52deff30b7805942b7659196224d3d9) Importer(815301076,1909f56bfc062723c751e8b465ee728b)  -> (artifact id: '3795e381b27ff08b0ac4c4b674484ee3') in 0.076562 seconds 
  Import took 0.079700 seconds .

========================================================================
Received Import Request.
  Time since last request: 0.000171 seconds.
  path: Assets/Materials/Grass/grass_metallic.bmp
  artifactKey: Guid(52e87fd17aba2574a8cc6ea21749393a) Importer(815301076,1909f56bfc062723c751e8b465ee728b)
Start importing Assets/Materials/Grass/grass_metallic.bmp using Guid(52e87fd17aba2574a8cc6ea21749393a) Importer(815301076,1909f56bfc062723c751e8b465ee728b)  -> (artifact id: 'edc9c308cebc2cfe153806a2e56259df') in 0.007863 seconds 
  Import took 0.010873 seconds .

========================================================================
Received Import Request.
  Time since last request: 0.000166 seconds.
  path: Assets/Materials/Grass/grass_normal.bmp
  artifactKey: Guid(71f91a4895e1b084f9e81d60113586ad) Importer(815301076,1909f56bfc062723c751e8b465ee728b)
Start importing Assets/Materials/Grass/grass_normal.bmp using Guid(71f91a4895e1b084f9e81d60113586ad) Importer(815301076,1909f56bfc062723c751e8b465ee728b)  -> (artifact id: 'ab8ce0e943b0c0ded13e757d72b4cdc2') in 0.010237 seconds 
  Import took 0.013737 seconds .

========================================================================
Received Import Request.
  Time since last request: 0.000160 seconds.
  path: Assets/Materials/Grass/grass_smoothness.bmp
  artifactKey: Guid(d74170f37d9eed24aa464b52e96ec59f) Importer(815301076,1909f56bfc062723c751e8b465ee728b)
Start importing Assets/Materials/Grass/grass_smoothness.bmp using Guid(d74170f37d9eed24aa464b52e96ec59f) Importer(815301076,1909f56bfc062723c751e8b465ee728b)  -> (artifact id: 'ca79c9b8cbe56e3685651fbb332bfa4d') in 0.007476 seconds 
  Import took 0.010505 seconds .

========================================================================
Received Import Request.
  Time since last request: 0.000151 seconds.
  path: Assets/Materials/Grass/Grass.terrainlayer
  artifactKey: Guid(4f8ce4148826c0a4586e8fe6a9f0c517) Importer(815301076,1909f56bfc062723c751e8b465ee728b)
Start importing Assets/Materials/Grass/Grass.terrainlayer using Guid(4f8ce4148826c0a4586e8fe6a9f0c517) Importer(815301076,1909f56bfc062723c751e8b465ee728b)  -> (artifact id: 'c87a94f87755a31eb2d3f6dfed219627') in 0.009336 seconds 
  Import took 0.012302 seconds .

========================================================================
Received Import Request.
  Time since last request: 0.000152 seconds.
  path: Assets/Materials/Grass/grass_height.bmp
  artifactKey: Guid(4cba3c0072db5db49aa8152b6a83a46f) Importer(815301076,1909f56bfc062723c751e8b465ee728b)
Start importing Assets/Materials/Grass/grass_height.bmp using Guid(4cba3c0072db5db49aa8152b6a83a46f) Importer(815301076,1909f56bfc062723c751e8b465ee728b)  -> (artifact id: 'e0bb9abe41cb3effeb6794507353f92b') in 0.007790 seconds 
  Import took 0.010899 seconds .

========================================================================
Received Import Request.
  Time since last request: 0.000148 seconds.
  path: Assets/Materials/Grass/grass_diffuseOriginal.bmp
  artifactKey: Guid(6dfcdf1a28e5e9441b747e24602ec432) Importer(815301076,1909f56bfc062723c751e8b465ee728b)
Start importing Assets/Materials/Grass/grass_diffuseOriginal.bmp using Guid(6dfcdf1a28e5e9441b747e24602ec432) Importer(815301076,1909f56bfc062723c751e8b465ee728b)  -> (artifact id: 'e0dc8efd74634bc8c79880fe6b9cdf20') in 0.008528 seconds 
  Import took 0.011394 seconds .

========================================================================
Received Import Request.
  Time since last request: 0.000150 seconds.
  path: Assets/Materials/Grass/grass_edge.bmp
  artifactKey: Guid(ebf02d4251699e84eac17135a6363e4b) Importer(815301076,1909f56bfc062723c751e8b465ee728b)
Start importing Assets/Materials/Grass/grass_edge.bmp using Guid(ebf02d4251699e84eac17135a6363e4b) Importer(815301076,1909f56bfc062723c751e8b465ee728b)  -> (artifact id: 'c58104887a0cffe0e925799046742811') in 0.007691 seconds 
  Import took 0.010797 seconds .

========================================================================
Received Import Request.
  Time since last request: 2.422360 seconds.
  path: Assets/Materials/Grass/Materials
  artifactKey: Guid(07e6404f80dbac043a7b259f3c24c9ed) Importer(815301076,1909f56bfc062723c751e8b465ee728b)
Start importing Assets/Materials/Grass/Materials using Guid(07e6404f80dbac043a7b259f3c24c9ed) Importer(815301076,1909f56bfc062723c751e8b465ee728b)  -> (artifact id: '8414aa5c804771552a68978831a6baac') in 0.002131 seconds 
  Import took 0.005498 seconds .

========================================================================
Received Import Request.
  Time since last request: 0.188573 seconds.
  path: Assets/Materials/Grass/Materials/grass_diffuseOriginal.mat
  artifactKey: Guid(494b0ec108d0fa1419b529e2d7442223) Importer(815301076,1909f56bfc062723c751e8b465ee728b)
Start importing Assets/Materials/Grass/Materials/grass_diffuseOriginal.mat using Guid(494b0ec108d0fa1419b529e2d7442223) Importer(815301076,1909f56bfc062723c751e8b465ee728b)  -> (artifact id: '3d7ed6b9b0552055daf449c056fcb990') in 0.016082 seconds 
  Import took 0.021096 seconds .

========================================================================
Received Import Request.
  Time since last request: 0.000158 seconds.
  path: Assets/Materials/Grass/Materials/mg.mat
  artifactKey: Guid(d8a6fd44851487944ba792e0bee288c8) Importer(815301076,1909f56bfc062723c751e8b465ee728b)
Start importing Assets/Materials/Grass/Materials/mg.mat using Guid(d8a6fd44851487944ba792e0bee288c8) Importer(815301076,1909f56bfc062723c751e8b465ee728b)  -> (artifact id: 'a09e67180323843afd37e198bf2e6a58') in 0.017360 seconds 
  Import took 0.020541 seconds .

========================================================================
Received Import Request.
  Time since last request: 0.000164 seconds.
  path: Assets/Materials/Grass/Materials/Yellow.mat
  artifactKey: Guid(1be6952d93fb98b4ebb6858ff724a0cf) Importer(815301076,1909f56bfc062723c751e8b465ee728b)
Start importing Assets/Materials/Grass/Materials/Yellow.mat using Guid(1be6952d93fb98b4ebb6858ff724a0cf) Importer(815301076,1909f56bfc062723c751e8b465ee728b)  -> (artifact id: '474ba48bf812249a6ca07e2aa80a43a8') in 0.010480 seconds 
  Import took 0.013984 seconds .

========================================================================
Received Import Request.
  Time since last request: 196.532600 seconds.
  path: Assets/Scenes/Prototype Scenes/tutorial.unity
  artifactKey: Guid(c6d36be579422964589f1f99af92b4dc) Importer(815301076,1909f56bfc062723c751e8b465ee728b)
Start importing Assets/Scenes/Prototype Scenes/tutorial.unity using Guid(c6d36be579422964589f1f99af92b4dc) Importer(815301076,1909f56bfc062723c751e8b465ee728b)  -> (artifact id: '26da74403aed0637de1132a363b2bd59') in 0.004460 seconds 
  Import took 0.010246 seconds .

========================================================================
Received Import Request.
  Time since last request: 22.184881 seconds.
  path: Assets/Materials/Prototype Materials/Black.mat
  artifactKey: Guid(49f102645ccb1b447957218d662150f6) Importer(815301076,1909f56bfc062723c751e8b465ee728b)
Start importing Assets/Materials/Prototype Materials/Black.mat using Guid(49f102645ccb1b447957218d662150f6) Importer(815301076,1909f56bfc062723c751e8b465ee728b)  -> (artifact id: 'c2d27bd0d6e7535587d292b92be1c0c3') in 0.011940 seconds 
  Import took 0.017555 seconds .

========================================================================
Received Import Request.
  Time since last request: 0.000165 seconds.
  path: Assets/Materials/Prototype Materials/MPlayer.mat
  artifactKey: Guid(3f40bb9639ce6fa4b8c215f325b9f1e2) Importer(815301076,1909f56bfc062723c751e8b465ee728b)
Start importing Assets/Materials/Prototype Materials/MPlayer.mat using Guid(3f40bb9639ce6fa4b8c215f325b9f1e2) Importer(815301076,1909f56bfc062723c751e8b465ee728b)  -> (artifact id: 'a92f8d82fca43f659e1e58fd10833000') in 0.016315 seconds 
  Import took 0.019463 seconds .

========================================================================
Received Import Request.
  Time since last request: 0.000154 seconds.
  path: Assets/Materials/Prototype Materials/MSheep.mat
  artifactKey: Guid(6e1eb63f59c42d644934f6a5471fa639) Importer(815301076,1909f56bfc062723c751e8b465ee728b)
Start importing Assets/Materials/Prototype Materials/MSheep.mat using Guid(6e1eb63f59c42d644934f6a5471fa639) Importer(815301076,1909f56bfc062723c751e8b465ee728b)  -> (artifact id: '1682a9cad6af1e526906bd65e642c978') in 0.018332 seconds 
  Import took 0.021276 seconds .

========================================================================
Received Import Request.
  Time since last request: 0.000181 seconds.
  path: Assets/Materials/Prototype Materials/MGround.mat
  artifactKey: Guid(3eb93b5e0852cd84d9930fb3f2345697) Importer(815301076,1909f56bfc062723c751e8b465ee728b)
Start importing Assets/Materials/Prototype Materials/MGround.mat using Guid(3eb93b5e0852cd84d9930fb3f2345697) Importer(815301076,1909f56bfc062723c751e8b465ee728b)  -> (artifact id: '69c56c79d9a6ebebf7b427ae7e487eb5') in 0.009936 seconds 
  Import took 0.013097 seconds .

========================================================================
Received Import Request.
  Time since last request: 3.441069 seconds.
  path: Assets/Materials/Skybox/SkySeries Freebie
  artifactKey: Guid(ff67404a6de9ae845bbdf56044e75971) Importer(815301076,1909f56bfc062723c751e8b465ee728b)
Start importing Assets/Materials/Skybox/SkySeries Freebie using Guid(ff67404a6de9ae845bbdf56044e75971) Importer(815301076,1909f56bfc062723c751e8b465ee728b)  -> (artifact id: '1c36c4b99872b54d0a9122f4e805bc25') in 0.002425 seconds 
  Import took 0.005882 seconds .

========================================================================
Received Import Request.
  Time since last request: 0.190261 seconds.
  path: Assets/Materials/Skybox/SkySeries Freebie/Cloudymorning.mat
  artifactKey: Guid(d9dca9ae1786c394f9e79c637aa9a7bf) Importer(815301076,1909f56bfc062723c751e8b465ee728b)
Start importing Assets/Materials/Skybox/SkySeries Freebie/Cloudymorning.mat using Guid(d9dca9ae1786c394f9e79c637aa9a7bf) Importer(815301076,1909f56bfc062723c751e8b465ee728b)  -> (artifact id: 'd351d69f6756f5a231642f0199d53d5d') in 0.333359 seconds 
  Import took 0.339758 seconds .

========================================================================
Received Import Request.
  Time since last request: 1.301840 seconds.
  path: Assets/Materials/Skybox/SkySeries Freebie/FreebieHdri
  artifactKey: Guid(d78fe5a22bec38d43bbe7e846ac3925a) Importer(815301076,1909f56bfc062723c751e8b465ee728b)
Start importing Assets/Materials/Skybox/SkySeries Freebie/FreebieHdri using Guid(d78fe5a22bec38d43bbe7e846ac3925a) Importer(815301076,1909f56bfc062723c751e8b465ee728b)  -> (artifact id: 'd5d85a8ddcd6f79b1803e714e43d6034') in 0.003031 seconds 
  Import took 0.008273 seconds .

========================================================================
Received Import Request.
  Time since last request: 0.060395 seconds.
  path: Assets/Materials/Skybox/SkySeries Freebie/FreebieHdri/Cloudymorning4k.hdr
  artifactKey: Guid(3b5d67736d7b8ad4f8da4d58eaef0b98) Importer(815301076,1909f56bfc062723c751e8b465ee728b)
Start importing Assets/Materials/Skybox/SkySeries Freebie/FreebieHdri/Cloudymorning4k.hdr using Guid(3b5d67736d7b8ad4f8da4d58eaef0b98) Importer(815301076,1909f56bfc062723c751e8b465ee728b)  -> (artifact id: 'd065e3b898b4e4ae7f9062747d20936e') in 0.126047 seconds 
  Import took 0.133463 seconds .

========================================================================
Received Import Request.
  Time since last request: 3.357485 seconds.
  path: Assets/Prefabs/HousePack
  artifactKey: Guid(33e5e35a9a6db7d42af10aa5748b8fe6) Importer(815301076,1909f56bfc062723c751e8b465ee728b)
Start importing Assets/Prefabs/HousePack using Guid(33e5e35a9a6db7d42af10aa5748b8fe6) Importer(815301076,1909f56bfc062723c751e8b465ee728b)  -> (artifact id: 'aad7137b9338daf6ce1c39e066364eae') in 0.002930 seconds 
  Import took 0.006700 seconds .

========================================================================
Received Import Request.
  Time since last request: 0.679441 seconds.
  path: Assets/Prefabs/HousePack/Models
  artifactKey: Guid(7636921f1acff9848b2387d9aa7b11e9) Importer(815301076,1909f56bfc062723c751e8b465ee728b)
Start importing Assets/Prefabs/HousePack/Models using Guid(7636921f1acff9848b2387d9aa7b11e9) Importer(815301076,1909f56bfc062723c751e8b465ee728b)  -> (artifact id: 'e0c38a8f4709ca0f4b23516b5b29cba1') in 0.002866 seconds 
  Import took 0.006737 seconds .

========================================================================
Received Import Request.
  Time since last request: 0.807365 seconds.
  path: Assets/Prefabs/HousePack/Models/House1
  artifactKey: Guid(7d85b673906f4b441ac0379401740a73) Importer(815301076,1909f56bfc062723c751e8b465ee728b)
Start importing Assets/Prefabs/HousePack/Models/House1 using Guid(7d85b673906f4b441ac0379401740a73) Importer(815301076,1909f56bfc062723c751e8b465ee728b)  -> (artifact id: '5056976a5afb1b799b86bc2f95c9c198') in 0.002953 seconds 
  Import took 0.007636 seconds .

========================================================================
Received Import Request.
  Time since last request: 0.709674 seconds.
  path: Assets/Prefabs/HousePack/Models/House1/Materials
  artifactKey: Guid(422d7a7e4b2fc2543ad1106ee5998028) Importer(815301076,1909f56bfc062723c751e8b465ee728b)
Start importing Assets/Prefabs/HousePack/Models/House1/Materials using Guid(422d7a7e4b2fc2543ad1106ee5998028) Importer(815301076,1909f56bfc062723c751e8b465ee728b)  -> (artifact id: '21d7b8657f36edeec95cdc0351f81701') in 0.002135 seconds 
  Import took 0.005660 seconds .

========================================================================
Received Import Request.
  Time since last request: 0.067316 seconds.
  path: Assets/Prefabs/HousePack/Models/House1/Materials/map1.mat
  artifactKey: Guid(864e5e56474cff24a9d375ebf99d8989) Importer(815301076,1909f56bfc062723c751e8b465ee728b)
Start importing Assets/Prefabs/HousePack/Models/House1/Materials/map1.mat using Guid(864e5e56474cff24a9d375ebf99d8989) Importer(815301076,1909f56bfc062723c751e8b465ee728b)  -> (artifact id: 'a7f6125dd5682ab723d65d42cc64142e') in 0.011517 seconds 
  Import took 0.015708 seconds .

========================================================================
Received Import Request.
  Time since last request: 0.000206 seconds.
  path: Assets/Prefabs/HousePack/Models/House1/Materials/map3.mat
  artifactKey: Guid(8f1d86db4f5867d439c5bd8d8d04711f) Importer(815301076,1909f56bfc062723c751e8b465ee728b)
Start importing Assets/Prefabs/HousePack/Models/House1/Materials/map3.mat using Guid(8f1d86db4f5867d439c5bd8d8d04711f) Importer(815301076,1909f56bfc062723c751e8b465ee728b)  -> (artifact id: '146322f19acdf1cfc4718e6a4d03b5aa') in 0.008644 seconds 
  Import took 0.012644 seconds .

========================================================================
Received Import Request.
  Time since last request: 0.000153 seconds.
  path: Assets/Prefabs/HousePack/Models/House1/Materials/map10.mat
  artifactKey: Guid(95770baf194166a43a872b3054d6a93c) Importer(815301076,1909f56bfc062723c751e8b465ee728b)
Start importing Assets/Prefabs/HousePack/Models/House1/Materials/map10.mat using Guid(95770baf194166a43a872b3054d6a93c) Importer(815301076,1909f56bfc062723c751e8b465ee728b)  -> (artifact id: '3e2d53b72bd3276e5f1023b0523df0e3') in 0.009309 seconds 
  Import took 0.015188 seconds .

========================================================================
Received Import Request.
  Time since last request: 0.000170 seconds.
  path: Assets/Prefabs/HousePack/Models/House1/Materials/map4.mat
  artifactKey: Guid(f0ebe7fab52176c458703dc12447f3bf) Importer(815301076,1909f56bfc062723c751e8b465ee728b)
Start importing Assets/Prefabs/HousePack/Models/House1/Materials/map4.mat using Guid(f0ebe7fab52176c458703dc12447f3bf) Importer(815301076,1909f56bfc062723c751e8b465ee728b)  -> (artifact id: 'bb34d371f122b83d5f2ab20793e8d132') in 0.009346 seconds 
  Import took 0.012522 seconds .

========================================================================
Received Import Request.
  Time since last request: 0.000157 seconds.
  path: Assets/Prefabs/HousePack/Models/House1/Materials/map6.mat
  artifactKey: Guid(bb2a16d28278ad44a94b59283bc1e2e8) Importer(815301076,1909f56bfc062723c751e8b465ee728b)
Start importing Assets/Prefabs/HousePack/Models/House1/Materials/map6.mat using Guid(bb2a16d28278ad44a94b59283bc1e2e8) Importer(815301076,1909f56bfc062723c751e8b465ee728b)  -> (artifact id: '3f113364e6096adea30b7bcbc775e4a9') in 0.008710 seconds 
  Import took 0.011781 seconds .

========================================================================
Received Import Request.
  Time since last request: 0.000154 seconds.
  path: Assets/Prefabs/HousePack/Models/House1/Materials/map9.mat
  artifactKey: Guid(1f03811f3b437ca46a9f885dcb0b3a2b) Importer(815301076,1909f56bfc062723c751e8b465ee728b)
Start importing Assets/Prefabs/HousePack/Models/House1/Materials/map9.mat using Guid(1f03811f3b437ca46a9f885dcb0b3a2b) Importer(815301076,1909f56bfc062723c751e8b465ee728b)  -> (artifact id: '6a1e0c37e103c099a31b8cb20cf6087f') in 0.008845 seconds 
  Import took 0.011829 seconds .

========================================================================
Received Import Request.
  Time since last request: 0.000161 seconds.
  path: Assets/Prefabs/HousePack/Models/House1/Materials/map2.mat
  artifactKey: Guid(153a411866c44004caf50eea5ec11008) Importer(815301076,1909f56bfc062723c751e8b465ee728b)
Start importing Assets/Prefabs/HousePack/Models/House1/Materials/map2.mat using Guid(153a411866c44004caf50eea5ec11008) Importer(815301076,1909f56bfc062723c751e8b465ee728b)  -> (artifact id: '0e53f6d2357d799f52ccbc33e9ccba23') in 0.008384 seconds 
  Import took 0.012169 seconds .

========================================================================
Received Import Request.
  Time since last request: 0.000182 seconds.
  path: Assets/Prefabs/HousePack/Models/House1/Materials/map8.mat
  artifactKey: Guid(a6e905ba0a2e8204ba3ce889a3333764) Importer(815301076,1909f56bfc062723c751e8b465ee728b)
Start importing Assets/Prefabs/HousePack/Models/House1/Materials/map8.mat using Guid(a6e905ba0a2e8204ba3ce889a3333764) Importer(815301076,1909f56bfc062723c751e8b465ee728b)  -> (artifact id: '1f6cddb62783d92d1eb855f7d1937c4b') in 0.009026 seconds 
  Import took 0.012083 seconds .

========================================================================
Received Import Request.
  Time since last request: 0.000159 seconds.
  path: Assets/Prefabs/HousePack/Models/House1/Materials/map5.mat
  artifactKey: Guid(f975a04a476f2ad4a844b8da807824f2) Importer(815301076,1909f56bfc062723c751e8b465ee728b)
Start importing Assets/Prefabs/HousePack/Models/House1/Materials/map5.mat using Guid(f975a04a476f2ad4a844b8da807824f2) Importer(815301076,1909f56bfc062723c751e8b465ee728b)  -> (artifact id: '89c0db29b5db241b0a3a51fed5d7881c') in 0.008871 seconds 
  Import took 0.012374 seconds .

========================================================================
Received Import Request.
  Time since last request: 0.000165 seconds.
  path: Assets/Prefabs/HousePack/Models/House1/Materials/map7.mat
  artifactKey: Guid(fb08d19aa27d79b49b54b683cf60b627) Importer(815301076,1909f56bfc062723c751e8b465ee728b)
Start importing Assets/Prefabs/HousePack/Models/House1/Materials/map7.mat using Guid(fb08d19aa27d79b49b54b683cf60b627) Importer(815301076,1909f56bfc062723c751e8b465ee728b)  -> (artifact id: '89c967712cdb6647fdd9316916457beb') in 0.008377 seconds 
  Import took 0.011186 seconds .

========================================================================
Received Import Request.
  Time since last request: 11.003132 seconds.
  path: Assets/Prefabs/Houses
  artifactKey: Guid(e42270a44a103764496bb9a252086b74) Importer(815301076,1909f56bfc062723c751e8b465ee728b)
Start importing Assets/Prefabs/Houses using Guid(e42270a44a103764496bb9a252086b74) Importer(815301076,1909f56bfc062723c751e8b465ee728b)  -> (artifact id: '1e50f9721d781afbc2c3c7b7b70b1ba9') in 0.002923 seconds 
  Import took 0.006738 seconds .

========================================================================
Received Import Request.
  Time since last request: 6.461258 seconds.
  path: Assets/Prefabs/SimpleNaturePack/Models/Branch_01.fbx
  artifactKey: Guid(5528351815fd4c04abf537f22c7e18f1) Importer(815301076,1909f56bfc062723c751e8b465ee728b)
Start importing Assets/Prefabs/SimpleNaturePack/Models/Branch_01.fbx using Guid(5528351815fd4c04abf537f22c7e18f1) Importer(815301076,1909f56bfc062723c751e8b465ee728b)  -> (artifact id: '1934f82559091474ae7281c179012672') in 0.082437 seconds 
  Import took 0.086989 seconds .

========================================================================
Received Import Request.
  Time since last request: 0.000169 seconds.
  path: Assets/TextMesh Pro/Resources/Style Sheets/Default Style Sheet.asset
  artifactKey: Guid(f952c082cb03451daed3ee968ac6c63e) Importer(815301076,1909f56bfc062723c751e8b465ee728b)
Start importing Assets/TextMesh Pro/Resources/Style Sheets/Default Style Sheet.asset using Guid(f952c082cb03451daed3ee968ac6c63e) Importer(815301076,1909f56bfc062723c751e8b465ee728b)  -> (artifact id: 'fe7d18d05c5cb4771e20e1f22d6e6f31') in 0.003910 seconds 
  Import took 0.006638 seconds .

========================================================================
Received Import Request.
  Time since last request: 0.000131 seconds.
  path: Assets/Prefabs/SimpleNaturePack/Models/Bush_01.fbx
  artifactKey: Guid(d8ea93d2d4757e444a5349f4bc849128) Importer(815301076,1909f56bfc062723c751e8b465ee728b)
Start importing Assets/Prefabs/SimpleNaturePack/Models/Bush_01.fbx using Guid(d8ea93d2d4757e444a5349f4bc849128) Importer(815301076,1909f56bfc062723c751e8b465ee728b)  -> (artifact id: '0b6b4fc9e851ca600bf6fa4ab8b4c244') in 0.013756 seconds 
  Import took 0.016941 seconds .

========================================================================
Received Import Request.
  Time since last request: 0.000161 seconds.
  path: Assets/Prefabs/SimpleNaturePack/Models/Bush_02.fbx
  artifactKey: Guid(ba52853a69186a841a52a9cc2e9b77fa) Importer(815301076,1909f56bfc062723c751e8b465ee728b)
Start importing Assets/Prefabs/SimpleNaturePack/Models/Bush_02.fbx using Guid(ba52853a69186a841a52a9cc2e9b77fa) Importer(815301076,1909f56bfc062723c751e8b465ee728b)  -> (artifact id: '4fe419194bb5004725fce52a20803f0b') in 0.018461 seconds 
  Import took 0.021598 seconds .

========================================================================
Received Import Request.
  Time since last request: 0.000162 seconds.
  path: Assets/Prefabs/SimpleNaturePack/Prefabs/Bush_01.prefab
  artifactKey: Guid(3cdafb3c2f54d434894928d72d282874) Importer(815301076,1909f56bfc062723c751e8b465ee728b)
Start importing Assets/Prefabs/SimpleNaturePack/Prefabs/Bush_01.prefab using Guid(3cdafb3c2f54d434894928d72d282874) Importer(815301076,1909f56bfc062723c751e8b465ee728b)  -> (artifact id: 'ac38ea4515fb905fb7e89ef46fb63194') in 0.010361 seconds 
  Import took 0.013426 seconds .

========================================================================
Received Import Request.
  Time since last request: 0.000173 seconds.
  path: Assets/Prefabs/SimpleNaturePack/Prefabs/Branch_01.prefab
  artifactKey: Guid(b9de24523a11d714db3851b5f0f9d527) Importer(815301076,1909f56bfc062723c751e8b465ee728b)
Start importing Assets/Prefabs/SimpleNaturePack/Prefabs/Branch_01.prefab using Guid(b9de24523a11d714db3851b5f0f9d527) Importer(815301076,1909f56bfc062723c751e8b465ee728b)  -> (artifact id: '829369e300cc61b08ecbc9b6dc7332f5') in 0.009774 seconds 
  Import took 0.013418 seconds .

========================================================================
Received Import Request.
  Time since last request: 0.000164 seconds.
  path: Assets/Prefabs/SimpleNaturePack/Prefabs/Bush_02.prefab
  artifactKey: Guid(b71b0f8d2f881c743a85228f3030d1cb) Importer(815301076,1909f56bfc062723c751e8b465ee728b)
Start importing Assets/Prefabs/SimpleNaturePack/Prefabs/Bush_02.prefab using Guid(b71b0f8d2f881c743a85228f3030d1cb) Importer(815301076,1909f56bfc062723c751e8b465ee728b)  -> (artifact id: 'cbbb26c11c355b0fc84c616013078181') in 0.008739 seconds 
  Import took 0.012067 seconds .

========================================================================
Received Import Request.
  Time since last request: 0.255021 seconds.
  path: Assets/Prefabs/HousePack/Perfabs/House1.prefab
  artifactKey: Guid(76bd557d38e10f94aab59265a8692b7e) Importer(815301076,1909f56bfc062723c751e8b465ee728b)
Start importing Assets/Prefabs/HousePack/Perfabs/House1.prefab using Guid(76bd557d38e10f94aab59265a8692b7e) Importer(815301076,1909f56bfc062723c751e8b465ee728b)  -> (artifact id: '61e5ab124e68da7a5bce68108c412aae') in 0.004486 seconds 
  Import took 0.008009 seconds .

========================================================================
Received Import Request.
  Time since last request: 0.000157 seconds.
  path: Assets/Prefabs/HousePack/Perfabs/House7.prefab
  artifactKey: Guid(0c108d6e569d64c4197089dc166eaa58) Importer(815301076,1909f56bfc062723c751e8b465ee728b)
Start importing Assets/Prefabs/HousePack/Perfabs/House7.prefab using Guid(0c108d6e569d64c4197089dc166eaa58) Importer(815301076,1909f56bfc062723c751e8b465ee728b)  -> (artifact id: 'd7f4473479fef9f7395b64cda821d0ee') in 0.004684 seconds 
  Import took 0.007841 seconds .

========================================================================
Received Import Request.
  Time since last request: 0.000200 seconds.
  path: Assets/Prefabs/HousePack/Perfabs/House2.prefab
  artifactKey: Guid(4bb768b07aaecb84eb10f277df7a5416) Importer(815301076,1909f56bfc062723c751e8b465ee728b)
Start importing Assets/Prefabs/HousePack/Perfabs/House2.prefab using Guid(4bb768b07aaecb84eb10f277df7a5416) Importer(815301076,1909f56bfc062723c751e8b465ee728b)  -> (artifact id: '6c7220291f6d3d99e79e2397fb227cf1') in 0.004954 seconds 
  Import took 0.008038 seconds .

========================================================================
Received Import Request.
  Time since last request: 0.000166 seconds.
  path: Assets/Prefabs/HousePack/Perfabs/House3.prefab
  artifactKey: Guid(81598c76e61219045b0c1e9b703d5470) Importer(815301076,1909f56bfc062723c751e8b465ee728b)
Start importing Assets/Prefabs/HousePack/Perfabs/House3.prefab using Guid(81598c76e61219045b0c1e9b703d5470) Importer(815301076,1909f56bfc062723c751e8b465ee728b)  -> (artifact id: 'eb23a9a49c6e04d73eee03e84cb6fa5f') in 0.004672 seconds 
  Import took 0.007809 seconds .

========================================================================
Received Import Request.
  Time since last request: 0.000155 seconds.
  path: Assets/Prefabs/HousePack/Perfabs/House8.prefab
  artifactKey: Guid(e4cde64c623613649b00ad8f33e4806d) Importer(815301076,1909f56bfc062723c751e8b465ee728b)
Start importing Assets/Prefabs/HousePack/Perfabs/House8.prefab using Guid(e4cde64c623613649b00ad8f33e4806d) Importer(815301076,1909f56bfc062723c751e8b465ee728b)  -> (artifact id: 'ea0e93ada978bde17453d33f72f990da') in 0.004677 seconds 
  Import took 0.008067 seconds .

========================================================================
Received Import Request.
  Time since last request: 0.000145 seconds.
  path: Assets/Prefabs/HousePack/Perfabs/House10.prefab
  artifactKey: Guid(a72bba32e8aba5242bf5c932960f89a0) Importer(815301076,1909f56bfc062723c751e8b465ee728b)
Start importing Assets/Prefabs/HousePack/Perfabs/House10.prefab using Guid(a72bba32e8aba5242bf5c932960f89a0) Importer(815301076,1909f56bfc062723c751e8b465ee728b)  -> (artifact id: '2d1c7be7b34fb204107d5de028ae522a') in 0.004400 seconds 
  Import took 0.007399 seconds .

========================================================================
Received Import Request.
  Time since last request: 0.000161 seconds.
  path: Assets/Prefabs/Houses/OldHouse/Materials/VillageHouseWood3.mat
  artifactKey: Guid(4c25ff46585cd004986267bced340add) Importer(815301076,1909f56bfc062723c751e8b465ee728b)
Start importing Assets/Prefabs/Houses/OldHouse/Materials/VillageHouseWood3.mat using Guid(4c25ff46585cd004986267bced340add) Importer(815301076,1909f56bfc062723c751e8b465ee728b)  -> (artifact id: '7d906d1c75889cce6993849f69bec332') in 0.015042 seconds 
  Import took 0.018589 seconds .

========================================================================
Received Import Request.
  Time since last request: 0.000322 seconds.
  path: Assets/Prefabs/Houses/OldHouse/OldHousePrefab.prefab
  artifactKey: Guid(2082f115d38a4a94fabde959cb0bfd45) Importer(815301076,1909f56bfc062723c751e8b465ee728b)
Start importing Assets/Prefabs/Houses/OldHouse/OldHousePrefab.prefab using Guid(2082f115d38a4a94fabde959cb0bfd45) Importer(815301076,1909f56bfc062723c751e8b465ee728b)  -> (artifact id: '6cac3b2d63aee380a47ba208494ba4ff') in 0.130085 seconds 
  Import took 0.133905 seconds .

========================================================================
Received Import Request.
  Time since last request: 0.000175 seconds.
  path: Assets/Prefabs/HousePack/Perfabs/House4.prefab
  artifactKey: Guid(69b42fd296e445d4f89747bfa88f8bec) Importer(815301076,1909f56bfc062723c751e8b465ee728b)
Start importing Assets/Prefabs/HousePack/Perfabs/House4.prefab using Guid(69b42fd296e445d4f89747bfa88f8bec) Importer(815301076,1909f56bfc062723c751e8b465ee728b)  -> (artifact id: '00b89fe7d3d65b6ad8095dfdf9f5e0fb') in 0.005116 seconds 
  Import took 0.008150 seconds .

========================================================================
Received Import Request.
  Time since last request: 0.000181 seconds.
  path: Assets/Prefabs/Houses/OldHouse/OldHouse.fbx
  artifactKey: Guid(c70032afc7e2f214c8b20d1e445fb365) Importer(815301076,1909f56bfc062723c751e8b465ee728b)
Start importing Assets/Prefabs/Houses/OldHouse/OldHouse.fbx using Guid(c70032afc7e2f214c8b20d1e445fb365) Importer(815301076,1909f56bfc062723c751e8b465ee728b)  -> (artifact id: '554af5995ca57091ff16c6495748573e') in 0.230327 seconds 
  Import took 0.233937 seconds .

========================================================================
Received Import Request.
  Time since last request: 0.000187 seconds.
  path: Assets/Prefabs/HousePack/Perfabs/House5.prefab
  artifactKey: Guid(241f58f4d4efa36419d0db5d34018be8) Importer(815301076,1909f56bfc062723c751e8b465ee728b)
Start importing Assets/Prefabs/HousePack/Perfabs/House5.prefab using Guid(241f58f4d4efa36419d0db5d34018be8) Importer(815301076,1909f56bfc062723c751e8b465ee728b)  -> (artifact id: '39fe10cf6541945c2b59c2f1cb40a9b3') in 0.004757 seconds 
  Import took 0.008265 seconds .

========================================================================
Received Import Request.
  Time since last request: 0.000162 seconds.
  path: Assets/Prefabs/HousePack/Perfabs/House6.prefab
  artifactKey: Guid(637efee3fc556be489333e5bf97025fe) Importer(815301076,1909f56bfc062723c751e8b465ee728b)
Start importing Assets/Prefabs/HousePack/Perfabs/House6.prefab using Guid(637efee3fc556be489333e5bf97025fe) Importer(815301076,1909f56bfc062723c751e8b465ee728b)  -> (artifact id: '0f21096d164eb9354a971cbc7d1f9b3f') in 0.004507 seconds 
  Import took 0.007506 seconds .

========================================================================
Received Import Request.
  Time since last request: 0.000152 seconds.
  path: Assets/Prefabs/HousePack/Perfabs/House9.prefab
  artifactKey: Guid(e0fc691f49cf0b241b24912f7c1d3c0c) Importer(815301076,1909f56bfc062723c751e8b465ee728b)
Start importing Assets/Prefabs/HousePack/Perfabs/House9.prefab using Guid(e0fc691f49cf0b241b24912f7c1d3c0c) Importer(815301076,1909f56bfc062723c751e8b465ee728b)  -> (artifact id: 'f8ba8472356b569abe8f4bde348dd7c9') in 0.004628 seconds 
  Import took 0.007498 seconds .

========================================================================
Received Import Request.
  Time since last request: 186.310172 seconds.
  path: Assets/Terrain/Terrain_0_0_68887168-1a62-4ef7-b145-93030f1e71b3.asset
  artifactKey: Guid(bdfc270321383d5419de43be898872b0) Importer(815301076,1909f56bfc062723c751e8b465ee728b)
Start importing Assets/Terrain/Terrain_0_0_68887168-1a62-4ef7-b145-93030f1e71b3.asset using Guid(bdfc270321383d5419de43be898872b0) Importer(815301076,1909f56bfc062723c751e8b465ee728b)  -> (artifact id: '0c6fc2e2c9118e55685929478256833c') in 0.008075 seconds 
  Import took 0.014336 seconds .

========================================================================
Received Import Request.
  Time since last request: 3.906967 seconds.
  path: Assets/Terrain/GrassFlowers/Textures/GrassFlowers
  artifactKey: Guid(6c0cbfdcc9b9ae64f9ddd77c2003e193) Importer(815301076,1909f56bfc062723c751e8b465ee728b)
Start importing Assets/Terrain/GrassFlowers/Textures/GrassFlowers using Guid(6c0cbfdcc9b9ae64f9ddd77c2003e193) Importer(815301076,1909f56bfc062723c751e8b465ee728b)  -> (artifact id: '5c928f6ce6cf69498b02cebddbcaa3cd') in 0.002067 seconds 
  Import took 0.005980 seconds .

========================================================================
Received Import Request.
  Time since last request: 8.369922 seconds.
  path: Assets/Terrain/GrassFlowers/Demo
  artifactKey: Guid(90a98d1ca0ff3f34b817aee6ee27e766) Importer(815301076,1909f56bfc062723c751e8b465ee728b)
Start importing Assets/Terrain/GrassFlowers/Demo using Guid(90a98d1ca0ff3f34b817aee6ee27e766) Importer(815301076,1909f56bfc062723c751e8b465ee728b)  -> (artifact id: 'ca9dbc9c3bf5612f51efa1187cce5e48') in 0.002596 seconds 
  Import took 0.005916 seconds .

========================================================================
Received Import Request.
  Time since last request: 69.700890 seconds.
  path: Assets/ground.mat
  artifactKey: Guid(7fd303ad4be3efb4aa794b4b6aeeb0e2) Importer(815301076,1909f56bfc062723c751e8b465ee728b)
Start importing Assets/ground.mat using Guid(7fd303ad4be3efb4aa794b4b6aeeb0e2) Importer(815301076,1909f56bfc062723c751e8b465ee728b)  -> (artifact id: 'b892cbd38c362e38025d601712c0206a') in 0.012376 seconds 
  Import took 0.016240 seconds .

========================================================================
Received Import Request.
  Time since last request: 6923.475554 seconds.
  path: Assets/ground.mat
  artifactKey: Guid(7fd303ad4be3efb4aa794b4b6aeeb0e2) Importer(815301076,1909f56bfc062723c751e8b465ee728b)
Start importing Assets/ground.mat using Guid(7fd303ad4be3efb4aa794b4b6aeeb0e2) Importer(815301076,1909f56bfc062723c751e8b465ee728b)  -> (artifact id: '8c72b9d5d50f6e4e130602894f0b9def') in 0.017876 seconds 
  Import took 0.023251 seconds .

AssetImportWorkerClient::OnTransportError - code=2 error=End of file
